[2025-11-05T04:11:02.658+0000] {local_task_job_runner.py:123} INFO - ::group::Pre task execution logs
[2025-11-05T04:11:02.664+0000] {taskinstance.py:2612} INFO - Dependencies all met for dep_context=non-requeueable deps ti=<TaskInstance: retail_pipeline_dag.orders_processing.process_orders manual__2025-11-05T04:11:01+00:00 [queued]>
[2025-11-05T04:11:02.668+0000] {taskinstance.py:2612} INFO - Dependencies all met for dep_context=requeueable deps ti=<TaskInstance: retail_pipeline_dag.orders_processing.process_orders manual__2025-11-05T04:11:01+00:00 [queued]>
[2025-11-05T04:11:02.669+0000] {taskinstance.py:2865} INFO - Starting attempt 1 of 2
[2025-11-05T04:11:02.673+0000] {taskinstance.py:2888} INFO - Executing <Task(PythonOperator): orders_processing.process_orders> on 2025-11-05 04:11:01+00:00
[2025-11-05T04:11:02.676+0000] {standard_task_runner.py:72} INFO - Started process 308 to run task
[2025-11-05T04:11:02.678+0000] {standard_task_runner.py:104} INFO - Running: ['***', 'tasks', 'run', 'retail_pipeline_dag', 'orders_processing.process_orders', 'manual__2025-11-05T04:11:01+00:00', '--job-id', '73', '--raw', '--subdir', 'DAGS_FOLDER/retail_pipeline_dag.py', '--cfg-path', '/tmp/tmp8wtbw0pn']
[2025-11-05T04:11:02.681+0000] {standard_task_runner.py:105} INFO - Job 73: Subtask orders_processing.process_orders
[2025-11-05T04:11:02.702+0000] {task_command.py:467} INFO - Running <TaskInstance: retail_pipeline_dag.orders_processing.process_orders manual__2025-11-05T04:11:01+00:00 [running]> on host b3f73153904a
[2025-11-05T04:11:02.732+0000] {taskinstance.py:3131} INFO - Exporting env vars: AIRFLOW_CTX_DAG_OWNER='shambhavi' AIRFLOW_CTX_DAG_ID='retail_pipeline_dag' AIRFLOW_CTX_TASK_ID='orders_processing.process_orders' AIRFLOW_CTX_EXECUTION_DATE='2025-11-05T04:11:01+00:00' AIRFLOW_CTX_TRY_NUMBER='1' AIRFLOW_CTX_DAG_RUN_ID='manual__2025-11-05T04:11:01+00:00'
[2025-11-05T04:11:02.732+0000] {taskinstance.py:731} INFO - ::endgroup::
[2025-11-05T04:11:02.738+0000] {taskinstance.py:3310} ERROR - Task failed with exception
Traceback (most recent call last):
  File "/home/airflow/.local/lib/python3.10/site-packages/airflow/models/taskinstance.py", line 767, in _execute_task
    result = _execute_callable(context=context, **execute_callable_kwargs)
  File "/home/airflow/.local/lib/python3.10/site-packages/airflow/models/taskinstance.py", line 733, in _execute_callable
    return ExecutionCallableRunner(
  File "/home/airflow/.local/lib/python3.10/site-packages/airflow/utils/operator_helpers.py", line 252, in run
    return self.func(*args, **kwargs)
  File "/home/airflow/.local/lib/python3.10/site-packages/airflow/models/baseoperator.py", line 406, in wrapper
    return func(self, *args, **kwargs)
  File "/home/airflow/.local/lib/python3.10/site-packages/airflow/operators/python.py", line 238, in execute
    return_value = self.execute_callable()
  File "/home/airflow/.local/lib/python3.10/site-packages/airflow/operators/python.py", line 256, in execute_callable
    return runner.run(*self.op_args, **self.op_kwargs)
  File "/home/airflow/.local/lib/python3.10/site-packages/airflow/utils/operator_helpers.py", line 252, in run
    return self.func(*args, **kwargs)
  File "/opt/airflow/dags/retail_pipeline_dag.py", line 23, in process_orders
    raise FileNotFoundError(f"{filepath} not found")
FileNotFoundError: /home/***/Airflow/data/processed/orders.csv not found
[2025-11-05T04:11:02.742+0000] {taskinstance.py:1225} INFO - Marking task as UP_FOR_RETRY. dag_id=retail_pipeline_dag, task_id=orders_processing.process_orders, run_id=manual__2025-11-05T04:11:01+00:00, execution_date=20251105T041101, start_date=20251105T041102, end_date=20251105T041102
[2025-11-05T04:11:02.748+0000] {taskinstance.py:340} INFO - ::group::Post task execution logs
[2025-11-05T04:11:02.748+0000] {standard_task_runner.py:124} ERROR - Failed to execute job 73 for task orders_processing.process_orders (/home/***/Airflow/data/processed/orders.csv not found; 308)
Traceback (most recent call last):
  File "/home/airflow/.local/lib/python3.10/site-packages/airflow/task/task_runner/standard_task_runner.py", line 117, in _start_by_fork
    ret = args.func(args, dag=self.dag)
  File "/home/airflow/.local/lib/python3.10/site-packages/airflow/cli/cli_config.py", line 49, in command
    return func(*args, **kwargs)
  File "/home/airflow/.local/lib/python3.10/site-packages/airflow/utils/cli.py", line 115, in wrapper
    return f(*args, **kwargs)
  File "/home/airflow/.local/lib/python3.10/site-packages/airflow/cli/commands/task_command.py", line 483, in task_run
    task_return_code = _run_task_by_selected_method(args, _dag, ti)
  File "/home/airflow/.local/lib/python3.10/site-packages/airflow/cli/commands/task_command.py", line 256, in _run_task_by_selected_method
    return _run_raw_task(args, ti)
  File "/home/airflow/.local/lib/python3.10/site-packages/airflow/cli/commands/task_command.py", line 341, in _run_raw_task
    return ti._run_raw_task(
  File "/home/airflow/.local/lib/python3.10/site-packages/airflow/utils/session.py", line 97, in wrapper
    return func(*args, session=session, **kwargs)
  File "/home/airflow/.local/lib/python3.10/site-packages/airflow/models/taskinstance.py", line 3004, in _run_raw_task
    return _run_raw_task(
  File "/home/airflow/.local/lib/python3.10/site-packages/airflow/models/taskinstance.py", line 273, in _run_raw_task
    TaskInstance._execute_task_with_callbacks(
  File "/home/airflow/.local/lib/python3.10/site-packages/airflow/models/taskinstance.py", line 3158, in _execute_task_with_callbacks
    result = self._execute_task(context, task_orig)
  File "/home/airflow/.local/lib/python3.10/site-packages/airflow/models/taskinstance.py", line 3182, in _execute_task
    return _execute_task(self, context, task_orig)
  File "/home/airflow/.local/lib/python3.10/site-packages/airflow/models/taskinstance.py", line 767, in _execute_task
    result = _execute_callable(context=context, **execute_callable_kwargs)
  File "/home/airflow/.local/lib/python3.10/site-packages/airflow/models/taskinstance.py", line 733, in _execute_callable
    return ExecutionCallableRunner(
  File "/home/airflow/.local/lib/python3.10/site-packages/airflow/utils/operator_helpers.py", line 252, in run
    return self.func(*args, **kwargs)
  File "/home/airflow/.local/lib/python3.10/site-packages/airflow/models/baseoperator.py", line 406, in wrapper
    return func(self, *args, **kwargs)
  File "/home/airflow/.local/lib/python3.10/site-packages/airflow/operators/python.py", line 238, in execute
    return_value = self.execute_callable()
  File "/home/airflow/.local/lib/python3.10/site-packages/airflow/operators/python.py", line 256, in execute_callable
    return runner.run(*self.op_args, **self.op_kwargs)
  File "/home/airflow/.local/lib/python3.10/site-packages/airflow/utils/operator_helpers.py", line 252, in run
    return self.func(*args, **kwargs)
  File "/opt/airflow/dags/retail_pipeline_dag.py", line 23, in process_orders
    raise FileNotFoundError(f"{filepath} not found")
FileNotFoundError: /home/***/Airflow/data/processed/orders.csv not found
[2025-11-05T04:11:02.775+0000] {local_task_job_runner.py:266} INFO - Task exited with return code 1
[2025-11-05T04:11:02.785+0000] {taskinstance.py:3900} INFO - 0 downstream tasks scheduled from follow-on schedule check
[2025-11-05T04:11:02.785+0000] {local_task_job_runner.py:245} INFO - ::endgroup::
